2024-10-25 17:15:06 - INFO - Started processing the JSON file.
2024-10-25 17:15:06 - INFO - Processed Problem 1: A board game spinner is divided into three parts labeled $A$, $B$  and $C$. The probability of the spinner landing on $A$ is $\frac{1}{3}$ and the probability of the spinner landing on $B$ is $\frac{5}{12}$.  What is the probability of the spinner landing on $C$? Express your answer as a common fraction.
2024-10-25 17:15:06 - INFO - Final Answer: \frac{1}{4}
2024-10-25 17:17:51 - INFO - Started processing the JSON file.
2024-10-25 17:17:51 - INFO - Processed Problem 1: A board game spinner is divided into three parts labeled $A$, $B$  and $C$. The probability of the spinner landing on $A$ is $\frac{1}{3}$ and the probability of the spinner landing on $B$ is $\frac{5}{12}$.  What is the probability of the spinner landing on $C$? Express your answer as a common fraction.
2024-10-25 17:17:51 - INFO - Final Answer: \frac{1}{4}
2024-10-25 17:18:14 - WARNING - Error while downloading from https://cdn-lfs-us-1.hf-mirror.com/repos/ba/00/ba0047e7c03a221a2f91f3e0b8fd13358621840b10321521e58cc9dda1bd5fa4/11f73294487dca1614bd7495e2c4e50372f5794f4cd175ce62d9ec2a8e97873a?response-content-disposition=inline%3B+filename*%3DUTF-8%27%27model-00001-of-00004.safetensors%3B+filename%3D%22model-00001-of-00004.safetensors%22%3B&Expires=1730107080&Policy=eyJTdGF0ZW1lbnQiOlt7IkNvbmRpdGlvbiI6eyJEYXRlTGVzc1RoYW4iOnsiQVdTOkVwb2NoVGltZSI6MTczMDEwNzA4MH19LCJSZXNvdXJjZSI6Imh0dHBzOi8vY2RuLWxmcy11cy0xLmhmLmNvL3JlcG9zL2JhLzAwL2JhMDA0N2U3YzAzYTIyMWEyZjkxZjNlMGI4ZmQxMzM1ODYyMTg0MGIxMDMyMTUyMWU1OGNjOWRkYTFiZDVmYTQvMTFmNzMyOTQ0ODdkY2ExNjE0YmQ3NDk1ZTJjNGU1MDM3MmY1Nzk0ZjRjZDE3NWNlNjJkOWVjMmE4ZTk3ODczYT9yZXNwb25zZS1jb250ZW50LWRpc3Bvc2l0aW9uPSoifV19&Signature=ShhM3S8MJDUADE3j%7EAqClgsldlddVh15nMvKq7GBqLLemvDwF%7E%7Ec9%7EmojMgH31AYUUhou1yGtOEp%7EKp1ndFKVQIMqHAjiFtBB8-BLxh0W-onOk-d2Zprk%7E4wsR%7E215GbpEi3kPk4lL7DtNzckD2VU9hBIzwEUBOpQEpi2d4LX2cfHv5Dn7qrQLtsW5zuBIYPcbwjrj-yjJiljcfYADSUdlDShKFtuY%7EECgCqG4W2JYDKDaRcayAmHpbvxiM-OfUsnI9yb2QZ-KEqCdX%7EtYQVtrrwIGPTHePGaOixbngtnQZUD%7EHuPRYkmG%7E9Rvy6fIsL%7E-51bH3t-V%7E7FCjmJrtSGw__&Key-Pair-Id=K24J24Z295AEI9: HTTPSConnectionPool(host='cdn-lfs-us-1.hf-mirror.com', port=443): Read timed out.
Trying to resume download...
2024-10-25 17:19:31 - INFO - Started processing the JSON file.
2024-10-25 17:19:31 - INFO - Processed Problem 1: A board game spinner is divided into three parts labeled $A$, $B$  and $C$. The probability of the spinner landing on $A$ is $\frac{1}{3}$ and the probability of the spinner landing on $B$ is $\frac{5}{12}$.  What is the probability of the spinner landing on $C$? Express your answer as a common fraction.
2024-10-25 17:19:31 - INFO - Final Answer: \frac{1}{4}
2024-10-25 17:20:38 - WARNING - Error while downloading from https://cdn-lfs-us-1.hf-mirror.com/repos/ba/00/ba0047e7c03a221a2f91f3e0b8fd13358621840b10321521e58cc9dda1bd5fa4/11f73294487dca1614bd7495e2c4e50372f5794f4cd175ce62d9ec2a8e97873a?response-content-disposition=inline%3B+filename*%3DUTF-8%27%27model-00001-of-00004.safetensors%3B+filename%3D%22model-00001-of-00004.safetensors%22%3B&Expires=1730107174&Policy=eyJTdGF0ZW1lbnQiOlt7IkNvbmRpdGlvbiI6eyJEYXRlTGVzc1RoYW4iOnsiQVdTOkVwb2NoVGltZSI6MTczMDEwNzE3NH19LCJSZXNvdXJjZSI6Imh0dHBzOi8vY2RuLWxmcy11cy0xLmhmLmNvL3JlcG9zL2JhLzAwL2JhMDA0N2U3YzAzYTIyMWEyZjkxZjNlMGI4ZmQxMzM1ODYyMTg0MGIxMDMyMTUyMWU1OGNjOWRkYTFiZDVmYTQvMTFmNzMyOTQ0ODdkY2ExNjE0YmQ3NDk1ZTJjNGU1MDM3MmY1Nzk0ZjRjZDE3NWNlNjJkOWVjMmE4ZTk3ODczYT9yZXNwb25zZS1jb250ZW50LWRpc3Bvc2l0aW9uPSoifV19&Signature=XAWl89ruAlEWZpf%7EjhBS71NpiAhnPuAycG44qd6Rk9SOz57-2u%7EHCwTwePQiwDj9PBaUlCUmlVR4pZnOS25N%7E0Hvhl6%7EPoZb2Zxf7VqxHbG6gTT1-ZEAnjgKkDp36s8nkEpnOxWdVAKMgsYsiTJp1A6xuCJNoOxm7SPH%7Enf56rB0-4FUKTAB0ImGTut9-80Af2c3QtpHUZHl96bRNuhuUwQEuhmTrLG2WfQ2J0CAt1dIaRKclFyltrPyJq9OagRUFws7Z5OtxVPWUeVesx1aQE%7EFwwKLIeiotTDLvhrZ3Ay4wGePoDQRXbE7CqqyfHY%7E%7EUaaKHmUADZOTpQ3V5uE8g__&Key-Pair-Id=K24J24Z295AEI9: HTTPSConnectionPool(host='cdn-lfs-us-1.hf-mirror.com', port=443): Read timed out.
Trying to resume download...
2024-10-25 17:22:47 - WARNING - Error while downloading from https://cdn-lfs-us-1.hf-mirror.com/repos/ba/00/ba0047e7c03a221a2f91f3e0b8fd13358621840b10321521e58cc9dda1bd5fa4/2b992a00b09340ac3f8e54db70509b709e2eef9f601e679682e3a50b496a7b08?response-content-disposition=inline%3B+filename*%3DUTF-8%27%27model-00002-of-00004.safetensors%3B+filename%3D%22model-00002-of-00004.safetensors%22%3B&Expires=1730107315&Policy=eyJTdGF0ZW1lbnQiOlt7IkNvbmRpdGlvbiI6eyJEYXRlTGVzc1RoYW4iOnsiQVdTOkVwb2NoVGltZSI6MTczMDEwNzMxNX19LCJSZXNvdXJjZSI6Imh0dHBzOi8vY2RuLWxmcy11cy0xLmhmLmNvL3JlcG9zL2JhLzAwL2JhMDA0N2U3YzAzYTIyMWEyZjkxZjNlMGI4ZmQxMzM1ODYyMTg0MGIxMDMyMTUyMWU1OGNjOWRkYTFiZDVmYTQvMmI5OTJhMDBiMDkzNDBhYzNmOGU1NGRiNzA1MDliNzA5ZTJlZWY5ZjYwMWU2Nzk2ODJlM2E1MGI0OTZhN2IwOD9yZXNwb25zZS1jb250ZW50LWRpc3Bvc2l0aW9uPSoifV19&Signature=aCuUt3kZGXhiSK1Gpv9ggVri3XnU3CbXhI8tGvXkNDNr82L-W2T0TnjfU6glzYE4%7EaB4bS47YElz1GuRrHf12P-lxP7ZoT8kJT9fKFSTeZrSn-gxZof%7E9twcluiF7ceHcOClcN562iFeodwcbdg6o2S7qlkjgpcPzPNZj2DQ4olG%7E5wcJCCsS0nzCNSgPNS4205nZwgqb3l8OSx9Vqdd2WJtKZiFut6P37wj-QnuCBlV0G1TUR-xs1WeI0ncsiqzPD-6NzAjocFZXu-bPmKW9YL--Hr-tUynBqurnTalYEqyqjbobTbRjuBPSqL%7Ez2u-y1iq%7E7LbKKAGwDDMi1am1A__&Key-Pair-Id=K24J24Z295AEI9: HTTPSConnectionPool(host='cdn-lfs-us-1.hf-mirror.com', port=443): Read timed out.
Trying to resume download...
2024-10-25 17:24:34 - WARNING - Error while downloading from https://cdn-lfs-us-1.hf-mirror.com/repos/ba/00/ba0047e7c03a221a2f91f3e0b8fd13358621840b10321521e58cc9dda1bd5fa4/2b992a00b09340ac3f8e54db70509b709e2eef9f601e679682e3a50b496a7b08?response-content-disposition=inline%3B+filename*%3DUTF-8%27%27model-00002-of-00004.safetensors%3B+filename%3D%22model-00002-of-00004.safetensors%22%3B&Expires=1730107315&Policy=eyJTdGF0ZW1lbnQiOlt7IkNvbmRpdGlvbiI6eyJEYXRlTGVzc1RoYW4iOnsiQVdTOkVwb2NoVGltZSI6MTczMDEwNzMxNX19LCJSZXNvdXJjZSI6Imh0dHBzOi8vY2RuLWxmcy11cy0xLmhmLmNvL3JlcG9zL2JhLzAwL2JhMDA0N2U3YzAzYTIyMWEyZjkxZjNlMGI4ZmQxMzM1ODYyMTg0MGIxMDMyMTUyMWU1OGNjOWRkYTFiZDVmYTQvMmI5OTJhMDBiMDkzNDBhYzNmOGU1NGRiNzA1MDliNzA5ZTJlZWY5ZjYwMWU2Nzk2ODJlM2E1MGI0OTZhN2IwOD9yZXNwb25zZS1jb250ZW50LWRpc3Bvc2l0aW9uPSoifV19&Signature=aCuUt3kZGXhiSK1Gpv9ggVri3XnU3CbXhI8tGvXkNDNr82L-W2T0TnjfU6glzYE4%7EaB4bS47YElz1GuRrHf12P-lxP7ZoT8kJT9fKFSTeZrSn-gxZof%7E9twcluiF7ceHcOClcN562iFeodwcbdg6o2S7qlkjgpcPzPNZj2DQ4olG%7E5wcJCCsS0nzCNSgPNS4205nZwgqb3l8OSx9Vqdd2WJtKZiFut6P37wj-QnuCBlV0G1TUR-xs1WeI0ncsiqzPD-6NzAjocFZXu-bPmKW9YL--Hr-tUynBqurnTalYEqyqjbobTbRjuBPSqL%7Ez2u-y1iq%7E7LbKKAGwDDMi1am1A__&Key-Pair-Id=K24J24Z295AEI9: HTTPSConnectionPool(host='cdn-lfs-us-1.hf-mirror.com', port=443): Read timed out.
Trying to resume download...
2024-10-25 17:29:33 - WARNING - Error while downloading from https://cdn-lfs-us-1.hf-mirror.com/repos/ba/00/ba0047e7c03a221a2f91f3e0b8fd13358621840b10321521e58cc9dda1bd5fa4/2460a589b1d606998574e0d84162e94307a15e2eea2aac6f4ea35f0361657660?response-content-disposition=inline%3B+filename*%3DUTF-8%27%27model-00003-of-00004.safetensors%3B+filename%3D%22model-00003-of-00004.safetensors%22%3B&Expires=1730107622&Policy=eyJTdGF0ZW1lbnQiOlt7IkNvbmRpdGlvbiI6eyJEYXRlTGVzc1RoYW4iOnsiQVdTOkVwb2NoVGltZSI6MTczMDEwNzYyMn19LCJSZXNvdXJjZSI6Imh0dHBzOi8vY2RuLWxmcy11cy0xLmhmLmNvL3JlcG9zL2JhLzAwL2JhMDA0N2U3YzAzYTIyMWEyZjkxZjNlMGI4ZmQxMzM1ODYyMTg0MGIxMDMyMTUyMWU1OGNjOWRkYTFiZDVmYTQvMjQ2MGE1ODliMWQ2MDY5OTg1NzRlMGQ4NDE2MmU5NDMwN2ExNWUyZWVhMmFhYzZmNGVhMzVmMDM2MTY1NzY2MD9yZXNwb25zZS1jb250ZW50LWRpc3Bvc2l0aW9uPSoifV19&Signature=Ww1EKIrRldiXkiUq51BryGuajP-ogk2KbGvnFY-IkGclr4kk-LHvHofzDb3ir25MVTvU1W5DqEn3LRFzDZSthlhbtQDsDho5c8x5RWyV8Rfd0viulP3TvDW-LfVietY58-GtuQ4q-aFqZHMIOLnpeZrn1I%7Eg3uVSxR4esv3ava2Ymno6MKiPFiJWOFzjFWxOhauNjKqSr3TDkTBwjOn2YgHzhMSnDv-xetkRYeV0I-5Nz2MY9htpMh%7EFvIM0XYOen7ByuvhaqiXgY1QTE7IpTObGRDcy4DBmji-GmIa6avvDAO4Wu41Nc4Sdr0HjOwSIZlKwR73wmoELhZJ4XFvYIA__&Key-Pair-Id=K24J24Z295AEI9: HTTPSConnectionPool(host='cdn-lfs-us-1.hf-mirror.com', port=443): Read timed out.
Trying to resume download...
2024-10-25 17:29:47 - WARNING - Error while downloading from https://cdn-lfs-us-1.hf-mirror.com/repos/ba/00/ba0047e7c03a221a2f91f3e0b8fd13358621840b10321521e58cc9dda1bd5fa4/2460a589b1d606998574e0d84162e94307a15e2eea2aac6f4ea35f0361657660?response-content-disposition=inline%3B+filename*%3DUTF-8%27%27model-00003-of-00004.safetensors%3B+filename%3D%22model-00003-of-00004.safetensors%22%3B&Expires=1730107622&Policy=eyJTdGF0ZW1lbnQiOlt7IkNvbmRpdGlvbiI6eyJEYXRlTGVzc1RoYW4iOnsiQVdTOkVwb2NoVGltZSI6MTczMDEwNzYyMn19LCJSZXNvdXJjZSI6Imh0dHBzOi8vY2RuLWxmcy11cy0xLmhmLmNvL3JlcG9zL2JhLzAwL2JhMDA0N2U3YzAzYTIyMWEyZjkxZjNlMGI4ZmQxMzM1ODYyMTg0MGIxMDMyMTUyMWU1OGNjOWRkYTFiZDVmYTQvMjQ2MGE1ODliMWQ2MDY5OTg1NzRlMGQ4NDE2MmU5NDMwN2ExNWUyZWVhMmFhYzZmNGVhMzVmMDM2MTY1NzY2MD9yZXNwb25zZS1jb250ZW50LWRpc3Bvc2l0aW9uPSoifV19&Signature=Ww1EKIrRldiXkiUq51BryGuajP-ogk2KbGvnFY-IkGclr4kk-LHvHofzDb3ir25MVTvU1W5DqEn3LRFzDZSthlhbtQDsDho5c8x5RWyV8Rfd0viulP3TvDW-LfVietY58-GtuQ4q-aFqZHMIOLnpeZrn1I%7Eg3uVSxR4esv3ava2Ymno6MKiPFiJWOFzjFWxOhauNjKqSr3TDkTBwjOn2YgHzhMSnDv-xetkRYeV0I-5Nz2MY9htpMh%7EFvIM0XYOen7ByuvhaqiXgY1QTE7IpTObGRDcy4DBmji-GmIa6avvDAO4Wu41Nc4Sdr0HjOwSIZlKwR73wmoELhZJ4XFvYIA__&Key-Pair-Id=K24J24Z295AEI9: HTTPSConnectionPool(host='cdn-lfs-us-1.hf-mirror.com', port=443): Read timed out.
Trying to resume download...
2024-10-25 17:35:17 - INFO - Processed Problem 2: My school's math club has 6 boys and 8 girls.  I need to select a team to send to the state math competition.  We want 6 people on the team.  In how many ways can I select the team without restrictions?
2024-10-25 17:35:17 - INFO - Final Answer: 3003
2024-10-25 17:38:45 - INFO - Processed Problem 3: How many 4-letter words with at least one consonant can be constructed from the letters $A$, $B$, $C$, $D$, and $E$?  (Note that $B$, $C$, and $D$ are consonants, any word is valid, not just English language words, and letters may be used more than once.)
2024-10-25 17:38:45 - INFO - Final Answer: 609
2024-10-25 17:42:15 - INFO - Processed Problem 4: Melinda will roll two standard six-sided dice and make a two-digit number with the two numbers she rolls. For example, if she rolls a 6 and a 3, she can either form 36 or 63. What is the probability that she will be able to make an integer between 10 and 20, inclusive? Express your answer as a common fraction.
2024-10-25 17:42:15 - INFO - Final Answer: \frac{11}{36}
2024-10-25 17:51:53 - INFO - Started processing the JSON file.
2024-10-25 17:51:53 - INFO - Processed Problem 1: A board game spinner is divided into three parts labeled $A$, $B$  and $C$. The probability of the spinner landing on $A$ is $\frac{1}{3}$ and the probability of the spinner landing on $B$ is $\frac{5}{12}$.  What is the probability of the spinner landing on $C$? Express your answer as a common fraction.
2024-10-25 17:51:53 - INFO - Final Answer: \frac{1}{4}
2024-10-25 17:54:44 - INFO - Started processing the JSON file.
2024-10-25 17:54:44 - INFO - Processed Problem 1: A board game spinner is divided into three parts labeled $A$, $B$  and $C$. The probability of the spinner landing on $A$ is $\frac{1}{3}$ and the probability of the spinner landing on $B$ is $\frac{5}{12}$.  What is the probability of the spinner landing on $C$? Express your answer as a common fraction.
2024-10-25 17:54:44 - INFO - Final Answer: \frac{1}{4}
2024-10-25 17:56:14 - INFO - Started processing the JSON file.
2024-10-25 17:56:14 - INFO - Processed Problem 1: A board game spinner is divided into three parts labeled $A$, $B$  and $C$. The probability of the spinner landing on $A$ is $\frac{1}{3}$ and the probability of the spinner landing on $B$ is $\frac{5}{12}$.  What is the probability of the spinner landing on $C$? Express your answer as a common fraction.
2024-10-25 17:56:14 - INFO - Final Answer: \frac{1}{4}
2024-10-25 17:56:49 - INFO - Started processing the JSON file.
2024-10-25 17:56:49 - INFO - Processed Problem 1: A board game spinner is divided into three parts labeled $A$, $B$  and $C$. The probability of the spinner landing on $A$ is $\frac{1}{3}$ and the probability of the spinner landing on $B$ is $\frac{5}{12}$.  What is the probability of the spinner landing on $C$? Express your answer as a common fraction.
2024-10-25 17:56:49 - INFO - Final Answer: \frac{1}{4}
2024-10-25 17:58:14 - INFO - Processed Problem 2: My school's math club has 6 boys and 8 girls.  I need to select a team to send to the state math competition.  We want 6 people on the team.  In how many ways can I select the team without restrictions?
2024-10-25 17:58:14 - INFO - Final Answer: 3003
2024-10-25 17:59:40 - INFO - Processed Problem 3: How many 4-letter words with at least one consonant can be constructed from the letters $A$, $B$, $C$, $D$, and $E$?  (Note that $B$, $C$, and $D$ are consonants, any word is valid, not just English language words, and letters may be used more than once.)
2024-10-25 17:59:40 - INFO - Final Answer: 609
2024-10-25 18:01:05 - INFO - Processed Problem 4: Melinda will roll two standard six-sided dice and make a two-digit number with the two numbers she rolls. For example, if she rolls a 6 and a 3, she can either form 36 or 63. What is the probability that she will be able to make an integer between 10 and 20, inclusive? Express your answer as a common fraction.
2024-10-25 18:01:05 - INFO - Final Answer: \frac{11}{36}
2024-10-25 18:02:31 - INFO - Processed Problem 5: Let $p$ be the probability that, in the process of repeatedly flipping a fair coin, one will encounter a run of $5$ heads before one encounters a run of $2$ tails. Given that $p$ can be written in the form $m/n$ where $m$ and $n$ are relatively prime positive integers, find $m+n$.

2024-10-25 18:02:31 - INFO - Final Answer: 37
2024-10-25 18:03:56 - INFO - Processed Problem 6: How many four-digit numbers greater than 2999 can be formed such that the product of the middle two digits exceeds 5?
2024-10-25 18:03:56 - INFO - Final Answer: 4970
2024-10-25 18:05:21 - INFO - Processed Problem 7: I have 5 marbles numbered 1 through 5 in a bag.  Suppose I take out two different marbles at random.  What is the expected value of the sum of the numbers on the marbles?
2024-10-25 18:05:21 - INFO - Final Answer: 6
2024-10-25 19:54:55 - INFO - Processed Problem 8: A box contains 5 white balls and 6 black balls.  Two balls are drawn out of the box at random.  What is the probability that they both are white?
2024-10-25 19:54:55 - INFO - Final Answer: \dfrac{2}{11}
2024-10-25 19:56:22 - INFO - Processed Problem 9: The number of increasing sequences of positive integers $a_1 \le a_2 \le a_3 \le \cdots \le a_{10} \le 2007$ such that $a_i-i$ is even for $1\le i \le 10$ can be expressed as ${m \choose n}$ for some positive integers $m > n$. Compute the remainder when $m$ is divided by 1000.

2024-10-25 19:56:22 - INFO - Final Answer: 8
2024-10-25 19:57:47 - INFO - Processed Problem 10: Find the sum of all integers $k$ such that $\binom{23}{4} + \binom{23}{5} = \binom{24}{k}$.
2024-10-25 19:57:47 - INFO - Final Answer: 24
2024-10-25 21:07:05 - INFO - Processed Problem 11: Find the number of ordered pairs of positive integers $(a,b)$ such that $a+b=1000$ and neither $a$ nor $b$ has a zero digit.

2024-10-25 21:07:05 - INFO - Final Answer: 738
2024-10-25 21:08:30 - INFO - Processed Problem 12: Determine the number of ways to arrange the letters of the word TARTAR.
2024-10-25 21:08:30 - INFO - Final Answer: 90
2024-10-25 21:09:54 - INFO - Processed Problem 13: A mathematical organization is producing a set of commemorative license plates. Each plate contains a sequence of five characters chosen from the four letters in AIME and the four digits in 2007. No character may appear in a sequence more times than it appears among the four letters in AIME or the four digits in 2007. A set of plates in which each possible sequence appears exactly once contains $N$ license plates. Find $\frac{N}{10}$.
2024-10-25 21:09:54 - INFO - Final Answer: 372
2024-10-25 21:11:19 - INFO - Processed Problem 14: If I choose four cards from a standard $52$-card deck, with replacement, what is the probability that I will end up with one card from each suit?
2024-10-25 21:11:19 - INFO - Final Answer: \frac{3}{32}
2024-10-25 21:12:44 - INFO - Processed Problem 15: In how many ways can I choose 3 captains from a team of 11 people?
2024-10-25 21:12:44 - INFO - Final Answer: 165
2024-10-25 21:14:08 - INFO - Processed Problem 16: A point $P$ is randomly selected from the square region with vertices at $(\pm 2, \pm 2)$. What is the probability that $P$ is within one unit of the origin? Express your answer as a common fraction in terms of $\pi$.
2024-10-25 21:14:08 - INFO - Final Answer: \frac{\pi}{16}
2024-11-01 11:30:26 - INFO - Started processing the JSON file.
2024-11-01 11:30:26 - INFO - Processed Problem 1: A board game spinner is divided into three parts labeled $A$, $B$  and $C$. The probability of the spinner landing on $A$ is $\frac{1}{3}$ and the probability of the spinner landing on $B$ is $\frac{5}{12}$.  What is the probability of the spinner landing on $C$? Express your answer as a common fraction.
2024-11-01 11:30:26 - INFO - Final Answer: \frac{1}{4}
2024-11-01 14:40:41 - INFO - Started processing the JSON file.
2024-11-01 14:40:41 - INFO - Processed Problem 1: A board game spinner is divided into three parts labeled $A$, $B$  and $C$. The probability of the spinner landing on $A$ is $\frac{1}{3}$ and the probability of the spinner landing on $B$ is $\frac{5}{12}$.  What is the probability of the spinner landing on $C$? Express your answer as a common fraction.
2024-11-01 14:40:41 - INFO - Final Answer: \frac{1}{4}
2024-11-01 14:51:22 - INFO - Started processing the JSON file.
2024-11-01 14:51:22 - INFO - Processed Problem 1: A board game spinner is divided into three parts labeled $A$, $B$  and $C$. The probability of the spinner landing on $A$ is $\frac{1}{3}$ and the probability of the spinner landing on $B$ is $\frac{5}{12}$.  What is the probability of the spinner landing on $C$? Express your answer as a common fraction.
2024-11-01 14:51:22 - INFO - Final Answer: \frac{1}{4}
2024-11-01 14:59:25 - INFO - Started processing the JSON file.
2024-11-01 14:59:25 - INFO - Processed Problem 1: A board game spinner is divided into three parts labeled $A$, $B$  and $C$. The probability of the spinner landing on $A$ is $\frac{1}{3}$ and the probability of the spinner landing on $B$ is $\frac{5}{12}$.  What is the probability of the spinner landing on $C$? Express your answer as a common fraction.
2024-11-01 14:59:25 - INFO - Final Answer: \frac{1}{4}
2024-11-01 15:01:54 - INFO - Started processing the JSON file.
2024-11-01 15:01:54 - INFO - Processed Problem 1: A board game spinner is divided into three parts labeled $A$, $B$  and $C$. The probability of the spinner landing on $A$ is $\frac{1}{3}$ and the probability of the spinner landing on $B$ is $\frac{5}{12}$.  What is the probability of the spinner landing on $C$? Express your answer as a common fraction.
2024-11-01 15:01:54 - INFO - Final Answer: \frac{1}{4}
2024-11-01 15:06:53 - INFO - Started processing the JSON file.
2024-11-01 15:06:53 - INFO - Processed Problem 1: A board game spinner is divided into three parts labeled $A$, $B$  and $C$. The probability of the spinner landing on $A$ is $\frac{1}{3}$ and the probability of the spinner landing on $B$ is $\frac{5}{12}$.  What is the probability of the spinner landing on $C$? Express your answer as a common fraction.
2024-11-01 15:06:53 - INFO - Final Answer: \frac{1}{4}
2024-11-01 15:10:19 - INFO - Started processing the JSON file.
2024-11-01 15:10:19 - INFO - Processed Problem 1: A board game spinner is divided into three parts labeled $A$, $B$  and $C$. The probability of the spinner landing on $A$ is $\frac{1}{3}$ and the probability of the spinner landing on $B$ is $\frac{5}{12}$.  What is the probability of the spinner landing on $C$? Express your answer as a common fraction.
2024-11-01 15:10:19 - INFO - Final Answer: \frac{1}{4}
2024-11-01 15:13:12 - INFO - Started processing the JSON file.
2024-11-01 15:13:12 - INFO - Processed Problem 1: A board game spinner is divided into three parts labeled $A$, $B$  and $C$. The probability of the spinner landing on $A$ is $\frac{1}{3}$ and the probability of the spinner landing on $B$ is $\frac{5}{12}$.  What is the probability of the spinner landing on $C$? Express your answer as a common fraction.
2024-11-01 15:13:12 - INFO - Final Answer: \frac{1}{4}
2024-11-01 15:13:56 - INFO - Started processing the JSON file.
2024-11-01 15:13:56 - INFO - Processed Problem 1: A board game spinner is divided into three parts labeled $A$, $B$  and $C$. The probability of the spinner landing on $A$ is $\frac{1}{3}$ and the probability of the spinner landing on $B$ is $\frac{5}{12}$.  What is the probability of the spinner landing on $C$? Express your answer as a common fraction.
2024-11-01 15:13:56 - INFO - Final Answer: \frac{1}{4}
2024-11-01 15:19:02 - INFO - Started processing the JSON file.
2024-11-01 15:19:02 - INFO - Processed Problem 1: A board game spinner is divided into three parts labeled $A$, $B$  and $C$. The probability of the spinner landing on $A$ is $\frac{1}{3}$ and the probability of the spinner landing on $B$ is $\frac{5}{12}$.  What is the probability of the spinner landing on $C$? Express your answer as a common fraction.
2024-11-01 15:19:02 - INFO - Final Answer: \frac{1}{4}
2024-11-01 15:20:11 - INFO - Started processing the JSON file.
2024-11-01 15:20:11 - INFO - Processed Problem 1: A board game spinner is divided into three parts labeled $A$, $B$  and $C$. The probability of the spinner landing on $A$ is $\frac{1}{3}$ and the probability of the spinner landing on $B$ is $\frac{5}{12}$.  What is the probability of the spinner landing on $C$? Express your answer as a common fraction.
2024-11-01 15:20:11 - INFO - Final Answer: \frac{1}{4}
2024-11-01 15:28:09 - INFO - Started processing the JSON file.
2024-11-01 15:28:09 - INFO - Processed Problem 1: A board game spinner is divided into three parts labeled $A$, $B$  and $C$. The probability of the spinner landing on $A$ is $\frac{1}{3}$ and the probability of the spinner landing on $B$ is $\frac{5}{12}$.  What is the probability of the spinner landing on $C$? Express your answer as a common fraction.
2024-11-01 15:28:09 - INFO - Final Answer: \frac{1}{4}
